#
# A fatal error has been detected by the Java Runtime Environment:
#
#  EXCEPTION_ACCESS_VIOLATION (0xc0000005) at pc=0x00007ffd94811b85, pid=26320, tid=32472
#
# JRE version:  (22.0.1+8) (build )
# Java VM: OpenJDK 64-Bit Server VM (22.0.1+8-16, mixed mode, sharing, tiered, compressed class ptrs, unknown gc, windows-amd64)
# Problematic frame:
# C  [jimage.dll+0x1b85]
#
# No core dump will be written. Minidumps are not enabled by default on client versions of Windows
#
#

---------------  S U M M A R Y ------------

Command Line: 

Host: AMD Ryzen 7 2700X Eight-Core Processor         , 16 cores, 15G,  Windows 10 , 64 bit Build 19041 (10.0.19041.3636)
Time: Thu Jun 27 18:04:34 2024 W. Europe Daylight Time elapsed time: 0.021456 seconds (0d 0h 0m 0s)

---------------  T H R E A D  ---------------

Current thread is native thread

Stack: [0x0000009450e00000,0x0000009450f00000],  sp=0x0000009450efdfe0,  free space=1015k
Native frames: (J=compiled Java code, j=interpreted, Vv=VM code, C=native code)
C  [jimage.dll+0x1b85]  (no source info available)
C  [jimage.dll+0x1d13]  (no source info available)
C  [jimage.dll+0x25dd]  (no source info available)
V  [jvm.dll+0x21d092]  (no source info available)
V  [jvm.dll+0xc7690]  (no source info available)
V  [jvm.dll+0x825b0c]  (no source info available)
V  [jvm.dll+0x45b8fe]  (no source info available)
V  [jvm.dll+0x45d781]  (no source info available)
C  [jli.dll+0x52a3]  (no source info available)
C  [ucrtbase.dll+0x21bb2]  (no source info available)
C  [KERNEL32.DLL+0x17344]  (no source info available)
C  [ntdll.dll+0x526b1]  (no source info available)


siginfo: EXCEPTION_ACCESS_VIOLATION (0xc0000005), reading address 0x0000000000004a88


Registers:
RAX=0x000000000000129b, RBX=0x0000009450efe0d1, RCX=0x00007ffd94816000, RDX=0x000000000000129b
RSP=0x0000009450efdfe0, RBP=0x0000009450efe0d0, RSI=0x0000000000007795, RDI=0x0000009450efe0d0
R8 =0x00007ffd94814298, R9 =0x000000000000001c, R10=0x00007ffd76110000, R11=0x00007ffd94816000
R12=0x0000000000000000, R13=0x0000009450effb30, R14=0x0000009450eff140, R15=0x00007ffd47a60e40
RIP=0x00007ffd94811b85, EFLAGS=0x0000000000010212


Top of Stack: (sp=0x0000009450efdfe0)
0x0000009450efdfe0:   0000000000000000 0000000000000000
0x0000009450efdff0:   0000000000000000 0000000000000000
0x0000009450efe000:   00000262d6bc9570 00007ffd94811d13
0x0000009450efe010:   000000000000000b 00000262d6bc9570
0x0000009450efe020:   0000000000000000 0000000000000000
0x0000009450efe030:   0000000000000000 0000000000000000
0x0000009450efe040:   0000000000000000 0000000000000000
0x0000009450efe050:   0000000000000000 0000000000000000
0x0000009450efe060:   0000000000000000 0000000000000000
0x0000009450efe070:   00007ebe457e8232 0000000000000000
0x0000009450efe080:   00007ffd47a3ed60 0000000000000017
0x0000009450efe090:   00000262d6bc9570 0000009450eff140
0x0000009450efe0a0:   000000000000000b 00007ffd948125dd
0x0000009450efe0b0:   0000000000000000 0000000000000000
0x0000009450efe0c0:   0000000000000000 0000000000000000
0x0000009450efe0d0:   61622e6176616a2f 692f6b646a2f6573
0x0000009450efe0e0:   2f6c616e7265746e 6f6974706f2f6d76
0x0000009450efe0f0:   000000000000736e 0000000000000000
0x0000009450efe100:   0000000000000000 0000000000000000
0x0000009450efe110:   0000000000000000 0000000000000000
0x0000009450efe120:   0000000000000000 0000000000000000
0x0000009450efe130:   0000000000000000 0000000000000000
0x0000009450efe140:   0000000000000000 0000000000000000
0x0000009450efe150:   0000000000000000 0000000000000000
0x0000009450efe160:   0000000000000000 0000000000000000
0x0000009450efe170:   0000000000000000 0000000000000000
0x0000009450efe180:   0000000000000000 0000000000000000
0x0000009450efe190:   0000000000000000 000000006900056c
0x0000009450efe1a0:   0000000000000000 0000000000000000
0x0000009450efe1b0:   0000000000000000 0000000000000000
0x0000009450efe1c0:   0000000000000a96 00000262d6ad0150
0x0000009450efe1d0:   0000000000000a96 0000000000000a96 

Instructions: (pc=0x00007ffd94811b85)
0x00007ffd94811a85:   48 85 c9 74 1d 80 3d 7f 45 00 00 00 74 06 48 8b
0x00007ffd94811a95:   53 18 eb 04 48 8b 53 40 e8 9a 0e 00 00 48 83 63
0x00007ffd94811aa5:   48 00 8b 4b 0c 83 f9 ff 74 09 e8 d0 0c 00 00 83
0x00007ffd94811ab5:   4b 0c ff 48 8b 4b 70 48 85 c9 74 0f ba 10 00 00
0x00007ffd94811ac5:   00 e8 f1 0e 00 00 48 83 63 70 00 48 83 c4 20 5b
0x00007ffd94811ad5:   c3 cc cc 40 53 48 83 ec 20 48 8b d9 48 8d 0d 38
0x00007ffd94811ae5:   47 00 00 e8 9f 0c 00 00 83 6b 08 01 75 24 48 8b
0x00007ffd94811af5:   d3 48 8d 0d 1b 45 00 00 e8 22 08 00 00 48 8b cb
0x00007ffd94811b05:   e8 d6 fe ff ff ba 78 00 00 00 48 8b cb e8 a5 0e
0x00007ffd94811b15:   00 00 48 8d 0d 02 47 00 00 48 83 c4 20 5b e9 6c
0x00007ffd94811b25:   0c 00 00 48 89 5c 24 08 48 89 74 24 10 57 48 83
0x00007ffd94811b35:   ec 20 41 8b f1 4d 8b c8 48 8b fa 4c 8b d9 4d 85
0x00007ffd94811b45:   c0 74 78 85 f6 74 74 44 8a 12 48 8d 5a 01 48 8b
0x00007ffd94811b55:   d3 b8 93 01 00 01 eb 12 69 c0 93 01 00 01 41 0f
0x00007ffd94811b65:   b6 ca 44 8a 12 33 c1 48 ff c2 45 84 d2 75 e9 4d
0x00007ffd94811b75:   8b 03 0f ba f0 1f 33 d2 49 8b cb f7 f6 48 63 c2
0x00007ffd94811b85:   41 8b 14 81 41 ff 50 08 85 c0 7e 24 8a 0f eb 10
0x00007ffd94811b95:   69 c0 93 01 00 01 0f b6 c9 33 c1 8a 0b 48 ff c3
0x00007ffd94811ba5:   84 c9 75 ec 0f ba f0 1f 33 d2 f7 f6 8b c2 eb 0e
0x00007ffd94811bb5:   79 09 83 c9 ff 2b c8 8b c1 eb 03 83 c8 ff 48 8b
0x00007ffd94811bc5:   5c 24 30 48 8b 74 24 38 48 83 c4 20 5f c3 cc 48
0x00007ffd94811bd5:   89 5c 24 08 48 89 74 24 10 57 48 83 ec 20 48 8b
0x00007ffd94811be5:   f1 48 8d 0d 33 46 00 00 e8 9a 0b 00 00 33 ff 39
0x00007ffd94811bf5:   3d 1e 44 00 00 76 24 48 8b 05 1d 44 00 00 48 8b
0x00007ffd94811c05:   d6 48 8b 1c f8 48 8b 0b e8 68 1e 00 00 85 c0 74
0x00007ffd94811c15:   2b ff c7 3b 3d fa 43 00 00 72 dc 33 db 48 8d 0d
0x00007ffd94811c25:   f7 45 00 00 e8 66 0b 00 00 48 8b 74 24 38 48 8b
0x00007ffd94811c35:   c3 48 8b 5c 24 30 48 83 c4 20 5f c3 ff 43 08 eb
0x00007ffd94811c45:   dc cc cc 48 89 5c 24 08 48 89 74 24 10 57 48 83
0x00007ffd94811c55:   ec 20 48 8b d9 48 8b f2 48 8b 49 10 49 8b f8 8b
0x00007ffd94811c65:   53 30 48 8b 01 ff 50 20 4c 8b 43 50 48 8b d6 48
0x00007ffd94811c75:   8b 4b 10 44 8b c8 e8 a8 fe ff ff 83 f8 ff 74 38 



---------------  P R O C E S S  ---------------

VM state: not at safepoint (not fully initialized)

VM Mutex/Monitor currently owned by a thread: None

CDS archive(s) mapped at: [0x0000000000000000-0x0000000000000000-0x0000000000000000), size 0, SharedBaseAddress: 0x0000000800000000, ArchiveRelocationMode: 1.
Narrow klass base: 0x0000000000000000, Narrow klass shift: 0, Narrow klass range: 0x0

GC Precious Log:
<Not initialized>


Dynamic libraries:
0x00007ff6dd980000 - 0x00007ff6dd98e000 	C:\Users\potato\.jdks\openjdk-22.0.1\bin\java.exe
0x00007ffda3fd0000 - 0x00007ffda41c8000 	C:\WINDOWS\SYSTEM32\ntdll.dll
0x00007ffda3db0000 - 0x00007ffda3e6d000 	C:\WINDOWS\System32\KERNEL32.DLL
0x00007ffda1680000 - 0x00007ffda1976000 	C:\WINDOWS\System32\KERNELBASE.dll
0x00007ffda1980000 - 0x00007ffda1a80000 	C:\WINDOWS\System32\ucrtbase.dll
0x00007ffd990e0000 - 0x00007ffd990f7000 	C:\Users\potato\.jdks\openjdk-22.0.1\bin\jli.dll
0x00007ffd76110000 - 0x00007ffd7612b000 	C:\Users\potato\.jdks\openjdk-22.0.1\bin\VCRUNTIME140.dll
0x00007ffda3660000 - 0x00007ffda37ff000 	C:\WINDOWS\System32\USER32.dll
0x00007ffda1fd0000 - 0x00007ffda1ff2000 	C:\WINDOWS\System32\win32u.dll
0x00007ffd838b0000 - 0x00007ffd83b4a000 	C:\WINDOWS\WinSxS\amd64_microsoft.windows.common-controls_6595b64144ccf1df_6.0.19041.4355_none_60b8b9eb71f62e16\COMCTL32.dll
0x00007ffda31c0000 - 0x00007ffda31eb000 	C:\WINDOWS\System32\GDI32.dll
0x00007ffda2ff0000 - 0x00007ffda308e000 	C:\WINDOWS\System32\msvcrt.dll
0x00007ffda1d50000 - 0x00007ffda1e67000 	C:\WINDOWS\System32\gdi32full.dll
0x00007ffda1c40000 - 0x00007ffda1cdd000 	C:\WINDOWS\System32\msvcp_win.dll
0x00007ffda2530000 - 0x00007ffda2562000 	C:\WINDOWS\System32\IMM32.DLL
0x00007ffd948f0000 - 0x00007ffd948fc000 	C:\Users\potato\.jdks\openjdk-22.0.1\bin\vcruntime140_1.dll
0x00007ffd6bc50000 - 0x00007ffd6bcde000 	C:\Users\potato\.jdks\openjdk-22.0.1\bin\msvcp140.dll
0x00007ffd47090000 - 0x00007ffd47dd7000 	C:\Users\potato\.jdks\openjdk-22.0.1\bin\server\jvm.dll
0x00007ffda2400000 - 0x00007ffda24b0000 	C:\WINDOWS\System32\ADVAPI32.dll
0x00007ffda25f0000 - 0x00007ffda2690000 	C:\WINDOWS\System32\sechost.dll
0x00007ffda2000000 - 0x00007ffda2123000 	C:\WINDOWS\System32\RPCRT4.dll
0x00007ffda1ad0000 - 0x00007ffda1af7000 	C:\WINDOWS\System32\bcrypt.dll
0x00007ffda2390000 - 0x00007ffda23fb000 	C:\WINDOWS\System32\WS2_32.dll
0x00007ffd99140000 - 0x00007ffd9914a000 	C:\WINDOWS\SYSTEM32\VERSION.dll
0x00007ffd946a0000 - 0x00007ffd946c7000 	C:\WINDOWS\SYSTEM32\WINMM.dll
0x00007ffda0dc0000 - 0x00007ffda0e0b000 	C:\WINDOWS\SYSTEM32\POWRPROF.dll
0x00007ffda0d30000 - 0x00007ffda0d42000 	C:\WINDOWS\SYSTEM32\UMPDC.dll
0x00007ffd9f400000 - 0x00007ffd9f412000 	C:\WINDOWS\SYSTEM32\kernel.appcore.dll
0x00007ffd94810000 - 0x00007ffd9481a000 	C:\Users\potato\.jdks\openjdk-22.0.1\bin\jimage.dll
0x00007ffd95a30000 - 0x00007ffd95c14000 	C:\WINDOWS\SYSTEM32\DBGHELP.DLL
0x00007ffd959a0000 - 0x00007ffd959d4000 	C:\WINDOWS\SYSTEM32\dbgcore.DLL
0x00007ffda1b00000 - 0x00007ffda1b82000 	C:\WINDOWS\System32\bcryptPrimitives.dll

dbghelp: loaded successfully - version: 4.0.5 - missing functions: none
symbol engine: initialized successfully - sym options: 0x614 - pdb path: .;C:\Users\potato\.jdks\openjdk-22.0.1\bin;C:\WINDOWS\SYSTEM32;C:\WINDOWS\WinSxS\amd64_microsoft.windows.common-controls_6595b64144ccf1df_6.0.19041.4355_none_60b8b9eb71f62e16;C:\Users\potato\.jdks\openjdk-22.0.1\bin\server

VM Arguments:
java_command: <unknown>
java_class_path (initial): <not set>
Launcher Type: SUN_STANDARD

[Global flags]
     bool UseLargePagesIndividualAllocation        = false                                  {pd product} {ergonomic}

Logging:
Log output configuration:
 #0: stdout all=warning uptime,level,tags foldmultilines=false
 #1: stderr all=off uptime,level,tags foldmultilines=false

Environment Variables:
JAVA_HOME=C:\Program Files\Eclipse Adoptium\jdk-11.0.22.7-hotspot\
PATH=C:\Program Files\Eclipse Adoptium\jdk-11.0.22.7-hotspot\bin;C:\Program Files\Eclipse Adoptium\jdk-21.0.1.12-hotspot\bin;C:\Python311\Scripts\;C:\Python311\;C:\Program Files\Common Files\Oracle\Java\javapath;C:\Program Files (x86)\Razer Chroma SDK\bin;C:\Program Files\Razer Chroma SDK\bin;C:\Windows\system32;C:\Windows;C:\Windows\System32\Wbem;C:\Windows\System32\WindowsPowerShell\v1.0\;C:\Windows\System32\OpenSSH\;C:\Program Files (x86)\NVIDIA Corporation\PhysX\Common;C:\Users\potato\AppData\Local\Microsoft\WindowsApps;C:\Program Files\Intel\WiFi\bin\;C:\Program Files\Common Files\Intel\WirelessCommon\;C:\adb;C:\WINDOWS\system32;C:\WINDOWS;C:\WINDOWS\System32\Wbem;C:\WINDOWS\System32\WindowsPowerShell\v1.0\;C:\WINDOWS\System32\OpenSSH\;C:\Program Files\Git\cmd;C:\Program Files\dotnet\;C:\Program Files\nodejs\;C:\ProgramData\chocolatey\bin;C:\Program Files\Java\jdk-21\bin;c:\Program Files\apache-maven-3.9.6\bin\;C:\Program Files\SQLite;;C:\Program Files\NVIDIA Corporation\NVIDIA NvDLISR;C:\Program Files\Docker\Docker\resources\bin;C:\tizen-studio\tools\ide\bin;C:\tizen-studio\tools\ide\bin;C:\Users\potato\AppData\Local\Microsoft\WindowsApps;C:\Program Files\Intel\WiFi\bin\;C:\Program Files\Common Files\Intel\WirelessCommon\;C:\Users\potato\AppData\Local\Programs\Microsoft VS Code\bin;C:\Users\potato\AppData\Roaming\npm;C:\Users\potato\AppData\Local\Programs\mongosh\
USERNAME=potato
OS=Windows_NT
PROCESSOR_IDENTIFIER=AMD64 Family 23 Model 8 Stepping 2, AuthenticAMD
TMP=C:\Users\potato\AppData\Local\Temp
TEMP=C:\Users\potato\AppData\Local\Temp




Periodic native trim disabled

---------------  S Y S T E M  ---------------

OS:
 Windows 10 , 64 bit Build 19041 (10.0.19041.3636)
OS uptime: 5 days 5:58 hours

CPU: total 16 (initial active 0) 
Processor Information for all 16 processors :
  Max Mhz: 3700, Current Mhz: 3700, Mhz Limit: 3700

Memory: 4k page, system-wide physical 16309M (3931M free)
TotalPageFile size 29530M (AvailPageFile size 4759M)
current process WorkingSet (physical memory assigned to process): 8M, peak: 8M
current process commit charge ("private bytes"): 3M, peak: 3M

vm_info: OpenJDK 64-Bit Server VM (22.0.1+8-16) for windows-amd64 JRE (22.0.1+8-16), built on 2024-03-12T10:33:16Z by "mach5one" with MS VC++ 17.6 (VS2022)

END.
